<?xml version="1.0" encoding="UTF-8"?>
<testsuite xmlns:xsi="http://www.w3.org/2001/XMLSchema-instance" xsi:noNamespaceSchemaLocation="https://maven.apache.org/surefire/maven-surefire-plugin/xsd/surefire-test-report.xsd" name="MyTest" time="0.115" tests="29" errors="0" skipped="0" failures="0">
  <properties>
[...]
</properties>
  <testcase name="BaccaratDealerDeckSize" classname="MyTest" time="0.032"/>
  <testcase name="BaccaratGameLogicHandTotalTest2" classname="MyTest" time="0"/>
  <testcase name="BaccaratGameLogicEvaluateBankerDrawTest" classname="MyTest" time="0.005"/>
  <testcase name="BaccaratGameLogicEvaluatePlayerDraw" classname="MyTest" time="0.002"/>
  <testcase name="BaccaratGameEvaluateWinningsLoss" classname="MyTest" time="0.005"/>
  <testcase name="BaccaratGameLogicHandTotalTest" classname="MyTest" time="0.001"/>
  <testcase name="BaccaratGameLogicEvaluateBankerDrawNullTest" classname="MyTest" time="0.001"/>
  <testcase name="BaccaratDealerGenerateDeckTest" classname="MyTest" time="0.001"/>
  <testcase name="playGameNaturalWinTest" classname="MyTest" time="0.002"/>
  <testcase name="BaccaratInfoConstrucorTest" classname="MyTest" time="0.001"/>
  <testcase name="BaccaratGameConstructorTest" classname="MyTest" time="0.001"/>
  <testcase name="BaccaratGameEvaluateWinningsTie" classname="MyTest" time="0.001"/>
  <testcase name="BaccaratDealerShuffleDeckTest" classname="MyTest" time="0.001"/>
  <testcase name="BaccaratGameLogicWhoWonTest" classname="MyTest" time="0.001"/>
  <testcase name="playGameNaturalWinTest2" classname="MyTest" time="0"/>
  <testcase name="playGameNaturalWinTest3" classname="MyTest" time="0.001"/>
  <testcase name="playGameNaturalWinTest4" classname="MyTest" time="0.001"/>
  <testcase name="playGameNaturalWinTest5" classname="MyTest" time="0"/>
  <testcase name="playGameThirdDrawTest2" classname="MyTest" time="0.002"/>
  <testcase name="playGameThirdDrawTest3" classname="MyTest" time="0.001"/>
  <testcase name="playGameThirdDrawTest4" classname="MyTest" time="0"/>
  <testcase name="playGameThirdDrawTest5" classname="MyTest" time="0"/>
  <testcase name="playGameThirdDrawTest6" classname="MyTest" time="0.001"/>
  <testcase name="playGameThirdDrawTest7" classname="MyTest" time="0.001"/>
  <testcase name="playGameThirdDrawTest8" classname="MyTest" time="0.001"/>
  <testcase name="playGameThirdDrawTest9" classname="MyTest" time="0.001"/>
  <testcase name="BaccaratInfoConstrucorTest2" classname="MyTest" time="0.001"/>
  <testcase name="playGameThirdDrawTest" classname="MyTest" time="0.001"/>
  <testcase name="playGameThirdDrawTest10" classname="MyTest" time="0.001"/>
</testsuite>